<?xml version="1.0" encoding="utf-8"?><testsuite errors="0" failures="0" name="pytest" skips="0" tests="6" time="0.580"><testcase classname="tests.test_app.TestSequenceFunctions" name="test_build_system_of_record_json_string" time="0.00224494934082"/><testcase classname="tests.test_app.TestSequenceFunctions" name="test_insert_route" time="0.0342619419098"><system-out>2015-03-09 11:34:09,819 - application.server - INFO - Signing title and sending it to system of record
</system-out><system-err>--------------------------------------------------------------------------------
INFO in server [/home/vagrant/srv/mint/application/server.py:68]:
Signing title and sending it to system of record
--------------------------------------------------------------------------------
</system-err></testcase><testcase classname="tests.test_app.TestSequenceFunctions" name="test_return_signed_data" time="0.0197451114655"/><testcase classname="tests.test_app.TestSequenceFunctions" name="test_server" time="0.00182294845581"><system-out>2015-03-09 11:34:09,858 - application.server - INFO - Everything is OK
</system-out><system-err>--------------------------------------------------------------------------------
INFO in server [/home/vagrant/srv/mint/application/server.py:18]:
Everything is OK
--------------------------------------------------------------------------------
</system-err></testcase><testcase classname="tests.test_app.TestSequenceFunctions" name="test_sign_route" time="0.0197551250458"><system-out>2015-03-09 11:34:09,879 - application.server - INFO - Signing title
</system-out><system-err>--------------------------------------------------------------------------------
INFO in server [/home/vagrant/srv/mint/application/server.py:25]:
Signing title
--------------------------------------------------------------------------------
</system-err></testcase><testcase classname="tests.test_app.TestSequenceFunctions" name="test_verify_route" time="0.00603199005127"><system-out>2015-03-09 11:34:09,888 - application.server - INFO - Verifying title
</system-out><system-err>--------------------------------------------------------------------------------
INFO in server [/home/vagrant/srv/mint/application/server.py:47]:
Verifying title
--------------------------------------------------------------------------------
</system-err></testcase></testsuite>